[22:23:46] [main/INFO]: Setting user: Player703
[22:23:47] [Client thread/INFO]: LWJGL Version: 2.9.1
[22:23:51] [Client thread/INFO]: Reloading ResourceManager: Default, FMLFileResourcePack:Forge Mod Loader, FMLFileResourcePack:Minecraft Forge, FMLFileResourcePack:Not Enough Items, FMLFileResourcePack:Uniquetings Mod
[22:23:52] [Sound Library Loader/INFO]: Sound engine started
[22:23:52] [Client thread/INFO]: Created: 16x16 textures/blocks-atlas
[22:23:52] [Client thread/INFO]: Created: 16x16 textures/items-atlas
[22:23:53] [Client thread/INFO]: Reloading ResourceManager: Default, FMLFileResourcePack:Forge Mod Loader, FMLFileResourcePack:Minecraft Forge, FMLFileResourcePack:Not Enough Items, FMLFileResourcePack:Uniquetings Mod
[22:23:53] [Client thread/INFO]: Created: 512x256 textures/blocks-atlas
[22:23:53] [Client thread/INFO]: Created: 256x256 textures/items-atlas
[22:23:54] [Sound Library Loader/INFO]: Sound engine started
[22:23:57] [Server thread/INFO]: Starting integrated minecraft server version 1.7.10
[22:23:57] [Server thread/INFO]: Generating keypair
[22:23:57] [Server thread/INFO]: Preparing start region for level 0
[22:23:58] [Server thread/INFO]: Changing view distance to 5, from 10
[22:23:58] [Server thread/INFO]: Player703[local:E:258d3b16] logged in with entity id 312 at (-33.68448451820545, 71.52752670533566, 196.6118983027978)
[22:23:58] [Server thread/INFO]: Player703 joined the game
[22:24:10] [Server thread/INFO]: Saving and pausing game...
[22:24:10] [Server thread/INFO]: Saving chunks for level 'New World'/Overworld
[22:24:10] [Server thread/INFO]: Saving chunks for level 'New World'/Nether
[22:24:10] [Server thread/INFO]: Saving chunks for level 'New World'/The End
[22:24:24] [Server thread/INFO]: [Player703: Set own game mode to Survival Mode]
[22:24:24] [Client thread/INFO]: [CHAT] Your game mode has been updated
[22:25:04] [Server thread/INFO]: Player703 was blown up by Creeper
[22:25:04] [Client thread/INFO]: [CHAT] Player703 was blown up by Creeper
[22:25:07] [Server thread/INFO]: Saving and pausing game...
[22:25:07] [Server thread/INFO]: Saving chunks for level 'New World'/Overworld
[22:25:07] [Server thread/INFO]: Saving chunks for level 'New World'/Nether
[22:25:07] [Server thread/INFO]: Saving chunks for level 'New World'/The End
[22:25:07] [Server thread/INFO]: Stopping server
[22:25:07] [Server thread/INFO]: Saving players
[22:25:07] [Server thread/INFO]: Saving worlds
[22:25:07] [Server thread/INFO]: Saving chunks for level 'New World'/Overworld
[22:25:07] [Server thread/INFO]: Saving chunks for level 'New World'/Nether
[22:25:07] [Server thread/INFO]: Saving chunks for level 'New World'/The End
[22:25:08] [Client thread/INFO]: Stopping!
